# JRE version: Java(TM) SE Runtime Environment (8.0_25-b18) (build 1.8.0_25-b18)
# Java VM: Java HotSpot(TM) 64-Bit Server VM (25.25-b02 mixed mode windows-amd64 compressed oops)
Heap:
 PSYoungGen      total 272384K, used 253910K [0x00000000d5c00000, 0x00000000ec680000, 0x0000000100000000)
  eden space 254976K, 92% used [0x00000000d5c00000,0x00000000e42fa930,0x00000000e5500000)
  from space 17408K, 99% used [0x00000000e5500000,0x00000000e65fafe0,0x00000000e6600000)
  to   space 24576K, 0% used [0x00000000eae80000,0x00000000eae80000,0x00000000ec680000)
 ParOldGen       total 93696K, used 37189K [0x0000000081400000, 0x0000000086f80000, 0x00000000d5c00000)
  object space 93696K, 39% used [0x0000000081400000,0x00000000838514a0,0x0000000086f80000)
 Metaspace       used 55894K, capacity 56538K, committed 56832K, reserved 1099776K
  class space    used 6646K, capacity 6816K, committed 6912K, reserved 1048576K
GC Heap History (10 events):
Event: 6.333 GC heap before
{Heap before GC invocations=9 (full 1):
 PSYoungGen      total 141312K, used 132608K [0x00000000d5c00000, 0x00000000e7000000, 0x0000000100000000)
  eden space 132608K, 100% used [0x00000000d5c00000,0x00000000ddd80000,0x00000000ddd80000)
  from space 8704K, 0% used [0x00000000ddd80000,0x00000000ddd80000,0x00000000de600000)
  to   space 8704K, 0% used [0x00000000e6780000,0x00000000e6780000,0x00000000e7000000)
 ParOldGen       total 60928K, used 9535K [0x0000000081400000, 0x0000000084f80000, 0x00000000d5c00000)
  object space 60928K, 15% used [0x0000000081400000,0x0000000081d4fd58,0x0000000084f80000)
 Metaspace       used 33125K, capacity 33574K, committed 33920K, reserved 1079296K
  class space    used 3989K, capacity 4102K, committed 4224K, reserved 1048576K
Event: 6.346 GC heap after
Heap after GC invocations=9 (full 1):
 PSYoungGen      total 208384K, used 8689K [0x00000000d5c00000, 0x00000000e7000000, 0x0000000100000000)
  eden space 199680K, 0% used [0x00000000d5c00000,0x00000000d5c00000,0x00000000e1f00000)
  from space 8704K, 99% used [0x00000000e6780000,0x00000000e6ffc6a8,0x00000000e7000000)
  to   space 12800K, 0% used [0x00000000e5700000,0x00000000e5700000,0x00000000e6380000)
 ParOldGen       total 60928K, used 17709K [0x0000000081400000, 0x0000000084f80000, 0x00000000d5c00000)
  object space 60928K, 29% used [0x0000000081400000,0x000000008254b628,0x0000000084f80000)
 Metaspace       used 33125K, capacity 33574K, committed 33920K, reserved 1079296K
  class space    used 3989K, capacity 4102K, committed 4224K, reserved 1048576K
}
Event: 6.850 GC heap before
{Heap before GC invocations=10 (full 1):
 PSYoungGen      total 208384K, used 48493K [0x00000000d5c00000, 0x00000000e7000000, 0x0000000100000000)
  eden space 199680K, 19% used [0x00000000d5c00000,0x00000000d82dee30,0x00000000e1f00000)
  from space 8704K, 99% used [0x00000000e6780000,0x00000000e6ffc6a8,0x00000000e7000000)
  to   space 12800K, 0% used [0x00000000e5700000,0x00000000e5700000,0x00000000e6380000)
 ParOldGen       total 60928K, used 17709K [0x0000000081400000, 0x0000000084f80000, 0x00000000d5c00000)
  object space 60928K, 29% used [0x0000000081400000,0x000000008254b628,0x0000000084f80000)
 Metaspace       used 34748K, capacity 35226K, committed 35416K, reserved 1081344K
  class space    used 4143K, capacity 4270K, committed 4352K, reserved 1048576K
Event: 6.857 GC heap after
Heap after GC invocations=10 (full 1):
 PSYoungGen      total 269824K, used 9055K [0x00000000d5c00000, 0x00000000e7300000, 0x0000000100000000)
  eden space 257024K, 0% used [0x00000000d5c00000,0x00000000d5c00000,0x00000000e5700000)
  from space 12800K, 70% used [0x00000000e5700000,0x00000000e5fd7f58,0x00000000e6380000)
  to   space 13312K, 0% used [0x00000000e6600000,0x00000000e6600000,0x00000000e7300000)
 ParOldGen       total 60928K, used 17717K [0x0000000081400000, 0x0000000084f80000, 0x00000000d5c00000)
  object space 60928K, 29% used [0x0000000081400000,0x000000008254d628,0x0000000084f80000)
 Metaspace       used 34748K, capacity 35226K, committed 35416K, reserved 1081344K
  class space    used 4143K, capacity 4270K, committed 4352K, reserved 1048576K
}
Event: 6.857 GC heap before
{Heap before GC invocations=11 (full 2):
 PSYoungGen      total 269824K, used 9055K [0x00000000d5c00000, 0x00000000e7300000, 0x0000000100000000)
  eden space 257024K, 0% used [0x00000000d5c00000,0x00000000d5c00000,0x00000000e5700000)
  from space 12800K, 70% used [0x00000000e5700000,0x00000000e5fd7f58,0x00000000e6380000)
  to   space 13312K, 0% used [0x00000000e6600000,0x00000000e6600000,0x00000000e7300000)
 ParOldGen       total 60928K, used 17717K [0x0000000081400000, 0x0000000084f80000, 0x00000000d5c00000)
  object space 60928K, 29% used [0x0000000081400000,0x000000008254d628,0x0000000084f80000)
 Metaspace       used 34748K, capacity 35226K, committed 35416K, reserved 1081344K
  class space    used 4143K, capacity 4270K, committed 4352K, reserved 1048576K
Event: 6.900 GC heap after
Heap after GC invocations=11 (full 2):
 PSYoungGen      total 269824K, used 0K [0x00000000d5c00000, 0x00000000e7300000, 0x0000000100000000)
  eden space 257024K, 0% used [0x00000000d5c00000,0x00000000d5c00000,0x00000000e5700000)
  from space 12800K, 0% used [0x00000000e5700000,0x00000000e5700000,0x00000000e6380000)
  to   space 13312K, 0% used [0x00000000e6600000,0x00000000e6600000,0x00000000e7300000)
 ParOldGen       total 93696K, used 16680K [0x0000000081400000, 0x0000000086f80000, 0x00000000d5c00000)
  object space 93696K, 17% used [0x0000000081400000,0x000000008244a058,0x0000000086f80000)
 Metaspace       used 34748K, capacity 35226K, committed 35416K, reserved 1081344K
  class space    used 4143K, capacity 4270K, committed 4352K, reserved 1048576K
}
Event: 8.676 GC heap before
{Heap before GC invocations=12 (full 2):
 PSYoungGen      total 269824K, used 257024K [0x00000000d5c00000, 0x00000000e7300000, 0x0000000100000000)
  eden space 257024K, 100% used [0x00000000d5c00000,0x00000000e5700000,0x00000000e5700000)
  from space 12800K, 0% used [0x00000000e5700000,0x00000000e5700000,0x00000000e6380000)
  to   space 13312K, 0% used [0x00000000e6600000,0x00000000e6600000,0x00000000e7300000)
 ParOldGen       total 93696K, used 16680K [0x0000000081400000, 0x0000000086f80000, 0x00000000d5c00000)
  object space 93696K, 17% used [0x0000000081400000,0x000000008244a058,0x0000000086f80000)
 Metaspace       used 46598K, capacity 47126K, committed 47488K, reserved 1091584K
  class space    used 5529K, capacity 5646K, committed 5760K, reserved 1048576K
Event: 8.690 GC heap after
Heap after GC invocations=12 (full 2):
 PSYoungGen      total 268288K, used 13306K [0x00000000d5c00000, 0x00000000ec580000, 0x0000000100000000)
  eden space 254976K, 0% used [0x00000000d5c00000,0x00000000d5c00000,0x00000000e5500000)
  from space 13312K, 99% used [0x00000000e6600000,0x00000000e72fe9c8,0x00000000e7300000)
  to   space 17408K, 0% used [0x00000000e5500000,0x00000000e5500000,0x00000000e6600000)
 ParOldGen       total 93696K, used 23871K [0x0000000081400000, 0x0000000086f80000, 0x00000000d5c00000)
  object space 93696K, 25% used [0x0000000081400000,0x0000000082b4fdc8,0x0000000086f80000)
 Metaspace       used 46598K, capacity 47126K, committed 47488K, reserved 1091584K
  class space    used 5529K, capacity 5646K, committed 5760K, reserved 1048576K
}
Event: 45.633 GC heap before
{Heap before GC invocations=13 (full 2):
 PSYoungGen      total 268288K, used 268282K [0x00000000d5c00000, 0x00000000ec580000, 0x0000000100000000)
  eden space 254976K, 100% used [0x00000000d5c00000,0x00000000e5500000,0x00000000e5500000)
  from space 13312K, 99% used [0x00000000e6600000,0x00000000e72fe9c8,0x00000000e7300000)
  to   space 17408K, 0% used [0x00000000e5500000,0x00000000e5500000,0x00000000e6600000)
 ParOldGen       total 93696K, used 23871K [0x0000000081400000, 0x0000000086f80000, 0x00000000d5c00000)
  object space 93696K, 25% used [0x0000000081400000,0x0000000082b4fdc8,0x0000000086f80000)
 Metaspace       used 55300K, capacity 55972K, committed 56192K, reserved 1099776K
  class space    used 6591K, capacity 6743K, committed 6784K, reserved 1048576K
Event: 45.652 GC heap after
Heap after GC invocations=13 (full 2):
 PSYoungGen      total 272384K, used 17387K [0x00000000d5c00000, 0x00000000ec680000, 0x0000000100000000)
  eden space 254976K, 0% used [0x00000000d5c00000,0x00000000d5c00000,0x00000000e5500000)
  from space 17408K, 99% used [0x00000000e5500000,0x00000000e65fafe0,0x00000000e6600000)
  to   space 24576K, 0% used [0x00000000eae80000,0x00000000eae80000,0x00000000ec680000)
 ParOldGen       total 93696K, used 37189K [0x0000000081400000, 0x0000000086f80000, 0x00000000d5c00000)
  object space 93696K, 39% used [0x0000000081400000,0x00000000838514a0,0x0000000086f80000)
 Metaspace       used 55300K, capacity 55972K, committed 56192K, reserved 1099776K
  class space    used 6591K, capacity 6743K, committed 6784K, reserved 1048576K
}

